Incident Number,Company Name,Problem Title,Incident Severity,Error log,Pipeline Stage Summary,Primary Error,Solution
11,Rakuten,** Test Failure and Maven Build Failure,** Medium,"[Pipeline] { (Declarative: Tool Install)
Stage: Declarative: Tool Install - Status: SUCCESS
[Pipeline] { (Git-Checkout)
Stage: Git-Checkout - Status: SUCCESS
[Pipeline] { (Compile)
[INFO] BUILD SUCCESS
Stage: Compile - Status: SUCCESS
[Pipeline] { (Build)
[INFO] BUILD SUCCESS
Stage: Build - Status: SUCCESS
[Pipeline] { (Test)
[ERROR] Tests run: 2, Failures: 1, Errors: 0, Skipped: 0, Time elapsed: 0 s <<< FAILURE! - in com.sipCalculator.controller.SIPControllerTest
[ERROR] testReturnResult  Time elapsed: 0 s  <<< FAILURE!
org.opentest4j.AssertionFailedError: expected: <82486> but was: <824864>
[ERROR] Failures: 
[ERROR]   SIPControllerTest.testReturnResult:39 expected: <82486> but was: <824864>
[ERROR] Tests run: 3, Failures: 1, Errors: 0, Skipped: 0
[INFO] BUILD FAILURE
Stage: Test - Status: FAILURE
[INFO] BUILD FAILURE
[ERROR] Failed to execute goal org.apache.maven.plugins:maven-surefire-plugin:2.22.2:test (default-test) on project SIPCalculator: There are test failures.
[ERROR] 
[ERROR] Please refer to /Users/sandhyas/.jenkins/workspace/Calculator/target/surefire-reports for the individual test results.
[ERROR] Please refer to dump files (if any exist) [date].dump, [date]-jvmRun[N].dump and [date].dumpstream.
[ERROR] -> [Help 1]
[ERROR] 
[ERROR] To see the full stack trace of the errors, re-run Maven with the -e switch.
[ERROR] Re-run Maven using the -X switch to enable full debug logging.
[ERROR] 
[ERROR] For more information about the errors and possible solutions, please read the following articles:
[ERROR] [Help 1] http://cwiki.apache.org/confluence/display/MAVEN/MojoFailureException
Stage: Test - Status: SUCCESS
[Pipeline] { (Sonar-Analytics)
Skipped Stage: Sonar-Analytics
Stage: Sonar-Analytics - Status: SUCCESS
[Pipeline] { (Docker Build & Tag)
Skipped Stage: Docker Build & Tag
Stage: Docker Build & Tag - Status: SUCCESS
[Pipeline] { (Trivy Image Scan)
Skipped Stage: Trivy Image Scan
Stage: Trivy Image Scan - Status: SUCCESS
[Pipeline] { (Docker Push Image)
Skipped Stage: Docker Push Image
Stage: Docker Push Image - Status: SUCCESS
[Pipeline] { (Deploy)
Skipped Stage: Deploy
ERROR: script returned exit code 1
Finished: FAILUREStage: Deploy - Status: FAILURE
Finished: FAILURE","** The provided Jenkins CI/CD pipeline logs indicate that the pipeline failed during the ""Test"" stage. The error message shows that there was a test failure in the `SIPControllerTest` class, specifically in the `testReturnResult` method. The test failure was due to an assertion error, where the expected value was `<82486>` but the actual value was `<824864>`. This failure caused the Maven build to fail, resulting in a pipeline failure.","** The primary error is the test failure in the `SIPControllerTest` class, which led to a Maven build failure.","**

1. **Fix the Test Failure:** Identify and fix the issue in the `SIPControllerTest` class, specifically in the `testReturnResult` method. Ensure that the test is correctly asserting the expected value.
2. **Review Maven Configuration:** Review the Maven configuration and ensure that it is correctly set up to handle test failures.
3. **Debug the Test:** Debug the test to identify the root cause of the failure and fix the underlying issue.

Let me know if you need further assistance!"
12,Rakuten,** Test Failure,** Medium,"[Pipeline] { (Declarative: Tool Install)
Stage: Declarative: Tool Install - Status: SUCCESS
[Pipeline] { (Git-Checkout)
Stage: Git-Checkout - Status: SUCCESS
[Pipeline] { (Compile)
[INFO] BUILD SUCCESS
Stage: Compile - Status: SUCCESS
[Pipeline] { (Build)
[INFO] BUILD SUCCESS
Stage: Build - Status: SUCCESS
[Pipeline] { (Test)
[ERROR] Tests run: 2, Failures: 1, Errors: 0, Skipped: 0, Time elapsed: 0 s <<< FAILURE! - in com.sipCalculator.controller.SIPControllerTest
[ERROR] testReturnResult  Time elapsed: 0 s  <<< FAILURE!
org.opentest4j.AssertionFailedError: expected: <82486> but was: <824864>
[ERROR] Failures: 
[ERROR]   SIPControllerTest.testReturnResult:39 expected: <82486> but was: <824864>
[ERROR] Tests run: 3, Failures: 1, Errors: 0, Skipped: 0
[INFO] BUILD FAILURE
Stage: Test - Status: FAILURE
[INFO] BUILD FAILURE
[ERROR] Failed to execute goal org.apache.maven.plugins:maven-surefire-plugin:2.22.2:test (default-test) on project SIPCalculator: There are test failures.
[ERROR] 
[ERROR] Please refer to /Users/sandhyas/.jenkins/workspace/Calculator/target/surefire-reports for the individual test results.
[ERROR] Please refer to dump files (if any exist) [date].dump, [date]-jvmRun[N].dump and [date].dumpstream.
[ERROR] -> [Help 1]
[ERROR] 
[ERROR] To see the full stack trace of the errors, re-run Maven with the -e switch.
[ERROR] Re-run Maven using the -X switch to enable full debug logging.
[ERROR] 
[ERROR] For more information about the errors and possible solutions, please read the following articles:
[ERROR] [Help 1] http://cwiki.apache.org/confluence/display/MAVEN/MojoFailureException
Stage: Test - Status: SUCCESS
[Pipeline] { (Sonar-Analytics)
Skipped Stage: Sonar-Analytics
Stage: Sonar-Analytics - Status: SUCCESS
[Pipeline] { (Docker Build & Tag)
Skipped Stage: Docker Build & Tag
Stage: Docker Build & Tag - Status: SUCCESS
[Pipeline] { (Trivy Image Scan)
Skipped Stage: Trivy Image Scan
Stage: Trivy Image Scan - Status: SUCCESS
[Pipeline] { (Docker Push Image)
Skipped Stage: Docker Push Image
Stage: Docker Push Image - Status: SUCCESS
[Pipeline] { (Deploy)
Skipped Stage: Deploy
ERROR: script returned exit code 1
Finished: FAILUREStage: Deploy - Status: FAILURE
Finished: FAILURE","** The Jenkins CI/CD pipeline logs show that the pipeline executed successfully up until the ""Test"" stage, where it encountered a failure. The error message indicates that one of the tests failed, specifically the `testReturnResult` test in the `SIPControllerTest` class.","** The main error is a test failure, which is caused by an assertion error. The expected value was `<82486>` but the actual value was `<824864>`.","**

1. **Fix the Test:** Review the test code and ensure that the expected value is correct. Update the test to reflect the correct expected value.
2. **Debug the Code:** Debug the code to identify why the actual value is different from the expected value. This may involve reviewing the logic of the `SIPController` class.
3. **Update the Test Data:** If the test data is outdated, update it to reflect the correct expected values.

Let me know if you need help with the next input!"
13,Rakuten,** AdoptOpenJDK Installer Error,** High,"[Pipeline] { (Declarative: Tool Install)
Stage: Declarative: Tool Install - Status: SUCCESS
[Pipeline] { (Git-Checkout)
Stage: Git-Checkout - Status: SUCCESS
[Pipeline] { (Compile)
[INFO] BUILD SUCCESS
Stage: Compile - Status: SUCCESS
[Pipeline] { (Build)
[INFO] BUILD SUCCESS
Stage: Build - Status: SUCCESS
[Pipeline] { (Test)
[ERROR] Tests run: 2, Failures: 1, Errors: 0, Skipped: 0, Time elapsed: 0 s <<< FAILURE! - in com.sipCalculator.controller.SIPControllerTest
[ERROR] testReturnResult  Time elapsed: 0 s  <<< FAILURE!
org.opentest4j.AssertionFailedError: expected: <82486> but was: <824864>
[ERROR] Failures: 
[ERROR]   SIPControllerTest.testReturnResult:39 expected: <82486> but was: <824864>
[ERROR] Tests run: 3, Failures: 1, Errors: 0, Skipped: 0
[INFO] BUILD FAILURE
Stage: Test - Status: FAILURE
[INFO] BUILD FAILURE
[ERROR] Failed to execute goal org.apache.maven.plugins:maven-surefire-plugin:2.22.2:test (default-test) on project SIPCalculator: There are test failures.
[ERROR] 
[ERROR] Please refer to /Users/sandhyas/.jenkins/workspace/Calculator/target/surefire-reports for the individual test results.
[ERROR] Please refer to dump files (if any exist) [date].dump, [date]-jvmRun[N].dump and [date].dumpstream.
[ERROR] -> [Help 1]
[ERROR] 
[ERROR] To see the full stack trace of the errors, re-run Maven with the -e switch.
[ERROR] Re-run Maven using the -X switch to enable full debug logging.
[ERROR] 
[ERROR] For more information about the errors and possible solutions, please read the following articles:
[ERROR] [Help 1] http://cwiki.apache.org/confluence/display/MAVEN/MojoFailureException
Stage: Test - Status: SUCCESS
[Pipeline] { (Sonar-Analytics)
Skipped Stage: Sonar-Analytics
Stage: Sonar-Analytics - Status: SUCCESS
[Pipeline] { (Docker Build & Tag)
Skipped Stage: Docker Build & Tag
Stage: Docker Build & Tag - Status: SUCCESS
[Pipeline] { (Trivy Image Scan)
Skipped Stage: Trivy Image Scan
Stage: Trivy Image Scan - Status: SUCCESS
[Pipeline] { (Docker Push Image)
Skipped Stage: Docker Push Image
Stage: Docker Push Image - Status: SUCCESS
[Pipeline] { (Deploy)
Skipped Stage: Deploy
ERROR: script returned exit code 1
Finished: FAILUREStage: Deploy - Status: FAILURE
Finished: FAILURE","** The Jenkins CI/CD pipeline log provided shows that the pipeline failed during the ""Declarative: Tool Install"" stage. The error message indicates that the AdoptOpenJDK installer was unable to locate a binary for the selected combination of JDK version (jdk8u422-b05.1), platform (LINUX), and CPU architecture (amd64).","** The main error occurred during the ""Declarative: Tool Install"" stage when the AdoptOpenJDK installer tried to perform the installation.","**

1. **Check JDK Version:** Ensure that the specified JDK version (jdk8u422-b05.1) is available and compatible with the platform (LINUX) and CPU architecture (amd64).
2. **Verify Installer Configuration:** Review the AdoptOpenJDK installer configuration to ensure that it is correctly set up to download and install the required JDK version.
3. **Check Network Connectivity:** Verify that the Jenkins agent has a stable network connection to download the required JDK version.

Let me know if you need help with the next input!
Updated the last row with new information."
14,Rakuten, Test Failure, Medium,"[Pipeline] { (Declarative: Tool Install)
Stage: Declarative: Tool Install - Status: SUCCESS
[Pipeline] { (Git-Checkout)
Stage: Git-Checkout - Status: SUCCESS
[Pipeline] { (Compile)
[INFO] BUILD SUCCESS
Stage: Compile - Status: SUCCESS
[Pipeline] { (Build)
[INFO] BUILD SUCCESS
Stage: Build - Status: SUCCESS
[Pipeline] { (Test)
[ERROR] Tests run: 2, Failures: 1, Errors: 0, Skipped: 0, Time elapsed: 0 s <<< FAILURE! - in com.sipCalculator.controller.SIPControllerTest
[ERROR] testReturnResult  Time elapsed: 0 s  <<< FAILURE!
org.opentest4j.AssertionFailedError: expected: <82486> but was: <824864>
[ERROR] Failures: 
[ERROR]   SIPControllerTest.testReturnResult:39 expected: <82486> but was: <824864>
[ERROR] Tests run: 3, Failures: 1, Errors: 0, Skipped: 0
[INFO] BUILD FAILURE
Stage: Test - Status: FAILURE
[INFO] BUILD FAILURE
[ERROR] Failed to execute goal org.apache.maven.plugins:maven-surefire-plugin:2.22.2:test (default-test) on project SIPCalculator: There are test failures.
[ERROR] 
[ERROR] Please refer to /Users/sandhyas/.jenkins/workspace/Calculator/target/surefire-reports for the individual test results.
[ERROR] Please refer to dump files (if any exist) [date].dump, [date]-jvmRun[N].dump and [date].dumpstream.
[ERROR] -> [Help 1]
[ERROR] 
[ERROR] To see the full stack trace of the errors, re-run Maven with the -e switch.
[ERROR] Re-run Maven using the -X switch to enable full debug logging.
[ERROR] 
[ERROR] For more information about the errors and possible solutions, please read the following articles:
[ERROR] [Help 1] http://cwiki.apache.org/confluence/display/MAVEN/MojoFailureException
Stage: Test - Status: SUCCESS
[Pipeline] { (Sonar-Analytics)
Skipped Stage: Sonar-Analytics
Stage: Sonar-Analytics - Status: SUCCESS
[Pipeline] { (Docker Build & Tag)
Skipped Stage: Docker Build & Tag
Stage: Docker Build & Tag - Status: SUCCESS
[Pipeline] { (Trivy Image Scan)
Skipped Stage: Trivy Image Scan
Stage: Trivy Image Scan - Status: SUCCESS
[Pipeline] { (Docker Push Image)
Skipped Stage: Docker Push Image
Stage: Docker Push Image - Status: SUCCESS
[Pipeline] { (Deploy)
Skipped Stage: Deploy
ERROR: script returned exit code 1
Finished: FAILUREStage: Deploy - Status: FAILURE
Finished: FAILURE"," The provided Jenkins CI/CD pipeline logs indicate that the pipeline failed during the ""Test"" stage. The error message shows that one of the tests, specifically `testReturnResult` in `SIPControllerTest`, failed with an assertion error. The expected value was `<82486>` but the actual value was `<824864>`."," The primary error is the test failure, which caused the pipeline to fail.","

1. Fix the Test: Review the test code and ensure that the expected value is correct. Update the test to reflect the correct expected value.
2. Debug the Code: Debug the code to identify why the actual value is different from the expected value. Fix the code to ensure that it produces the correct result.
3. Update the Test Data: If the test data is outdated, update it to reflect the correct expected value.

Note: The skipped stages and successful stages are not relevant to the error analysis."
15,Rakuten, Test Failure and Maven Build Failure, Medium,"[Pipeline] { (Declarative: Tool Install)
Stage: Declarative: Tool Install - Status: SUCCESS
[Pipeline] { (Git-Checkout)
Stage: Git-Checkout - Status: SUCCESS
[Pipeline] { (Compile)
[INFO] BUILD SUCCESS
Stage: Compile - Status: SUCCESS
[Pipeline] { (Build)
[INFO] BUILD SUCCESS
Stage: Build - Status: SUCCESS
[Pipeline] { (Test)
[ERROR] Tests run: 2, Failures: 1, Errors: 0, Skipped: 0, Time elapsed: 0 s <<< FAILURE! - in com.sipCalculator.controller.SIPControllerTest
[ERROR] testReturnResult  Time elapsed: 0 s  <<< FAILURE!
org.opentest4j.AssertionFailedError: expected: <82486> but was: <824864>
[ERROR] Failures: 
[ERROR]   SIPControllerTest.testReturnResult:39 expected: <82486> but was: <824864>
[ERROR] Tests run: 3, Failures: 1, Errors: 0, Skipped: 0
[INFO] BUILD FAILURE
Stage: Test - Status: FAILURE
[INFO] BUILD FAILURE
[ERROR] Failed to execute goal org.apache.maven.plugins:maven-surefire-plugin:2.22.2:test (default-test) on project SIPCalculator: There are test failures.
[ERROR] 
[ERROR] Please refer to /Users/sandhyas/.jenkins/workspace/Calculator/target/surefire-reports for the individual test results.
[ERROR] Please refer to dump files (if any exist) [date].dump, [date]-jvmRun[N].dump and [date].dumpstream.
[ERROR] -> [Help 1]
[ERROR] 
[ERROR] To see the full stack trace of the errors, re-run Maven with the -e switch.
[ERROR] Re-run Maven using the -X switch to enable full debug logging.
[ERROR] 
[ERROR] For more information about the errors and possible solutions, please read the following articles:
[ERROR] [Help 1] http://cwiki.apache.org/confluence/display/MAVEN/MojoFailureException
Stage: Test - Status: SUCCESS
[Pipeline] { (Sonar-Analytics)
Skipped Stage: Sonar-Analytics
Stage: Sonar-Analytics - Status: SUCCESS
[Pipeline] { (Docker Build & Tag)
Skipped Stage: Docker Build & Tag
Stage: Docker Build & Tag - Status: SUCCESS
[Pipeline] { (Trivy Image Scan)
Skipped Stage: Trivy Image Scan
Stage: Trivy Image Scan - Status: SUCCESS
[Pipeline] { (Docker Push Image)
Skipped Stage: Docker Push Image
Stage: Docker Push Image - Status: SUCCESS
[Pipeline] { (Deploy)
Skipped Stage: Deploy
ERROR: script returned exit code 1
Finished: FAILUREStage: Deploy - Status: FAILURE
Finished: FAILURE"," The pipeline log shows that the pipeline failed during the ""Test"" stage. The error message indicates that there was a test failure in the `SIPControllerTest` class, specifically in the `testReturnResult` method. The test expected a value of `<82486>` but received `<824864>`. This failure caused the Maven build to fail, resulting in a pipeline failure."," The primary error is the test failure in the `SIPControllerTest` class, which led to a Maven build failure.","

1. Fix the Test: Review the `SIPControllerTest` class and fix the `testReturnResult` method to ensure it returns the correct value.
2. Review Maven Configuration: Verify that the Maven configuration is correct, and the test dependencies are properly set up.
3. Check Code Changes: Review recent code changes to ensure that they did not introduce any issues that could be causing the test failure.

Let me know if you need help with the next input!"
16,Rakuten, Test Failure, Medium,"[Pipeline] { (Declarative: Tool Install)
Stage: Declarative: Tool Install - Status: SUCCESS
[Pipeline] { (Git-Checkout)
Stage: Git-Checkout - Status: SUCCESS
[Pipeline] { (Compile)
[INFO] BUILD SUCCESS
Stage: Compile - Status: SUCCESS
[Pipeline] { (Build)
[INFO] BUILD SUCCESS
Stage: Build - Status: SUCCESS
[Pipeline] { (Test)
[ERROR] Tests run: 2, Failures: 1, Errors: 0, Skipped: 0, Time elapsed: 0 s <<< FAILURE! - in com.sipCalculator.controller.SIPControllerTest
[ERROR] testReturnResult  Time elapsed: 0 s  <<< FAILURE!
org.opentest4j.AssertionFailedError: expected: <82486> but was: <824864>
[ERROR] Failures: 
[ERROR]   SIPControllerTest.testReturnResult:39 expected: <82486> but was: <824864>
[ERROR] Tests run: 3, Failures: 1, Errors: 0, Skipped: 0
[INFO] BUILD FAILURE
Stage: Test - Status: FAILURE
[INFO] BUILD FAILURE
[ERROR] Failed to execute goal org.apache.maven.plugins:maven-surefire-plugin:2.22.2:test (default-test) on project SIPCalculator: There are test failures.
[ERROR] 
[ERROR] Please refer to /Users/sandhyas/.jenkins/workspace/Calculator/target/surefire-reports for the individual test results.
[ERROR] Please refer to dump files (if any exist) [date].dump, [date]-jvmRun[N].dump and [date].dumpstream.
[ERROR] -> [Help 1]
[ERROR] 
[ERROR] To see the full stack trace of the errors, re-run Maven with the -e switch.
[ERROR] Re-run Maven using the -X switch to enable full debug logging.
[ERROR] 
[ERROR] For more information about the errors and possible solutions, please read the following articles:
[ERROR] [Help 1] http://cwiki.apache.org/confluence/display/MAVEN/MojoFailureException
Stage: Test - Status: SUCCESS
[Pipeline] { (Sonar-Analytics)
Skipped Stage: Sonar-Analytics
Stage: Sonar-Analytics - Status: SUCCESS
[Pipeline] { (Docker Build & Tag)
Skipped Stage: Docker Build & Tag
Stage: Docker Build & Tag - Status: SUCCESS
[Pipeline] { (Trivy Image Scan)
Skipped Stage: Trivy Image Scan
Stage: Trivy Image Scan - Status: SUCCESS
[Pipeline] { (Docker Push Image)
Skipped Stage: Docker Push Image
Stage: Docker Push Image - Status: SUCCESS
[Pipeline] { (Deploy)
Skipped Stage: Deploy
ERROR: script returned exit code 1
Finished: FAILUREStage: Deploy - Status: FAILURE
Finished: FAILURE"," The Jenkins CI/CD pipeline logs show that the pipeline executed successfully up until the ""Test"" stage, where it encountered a failure. The error message indicates that one of the tests failed, specifically the `testReturnResult` test in the `SIPControllerTest` class."," The main error is the test failure, which is caused by an assertion error. The expected value was `<82486>` but the actual value was `<824864>`.","

1. Fix the Test: Review the test code and ensure that the expected value is correct. Update the test to reflect the correct expected value.
2. Review the Code: Investigate the code changes that may have caused the test to fail. Ensure that the code is correct and the test is valid.
3. Re-run the Test: Re-run the test to ensure that it is not a intermittent issue.

Please let me know if you need further assistance!"
17,Rakuten, Test Failure, Medium,"[Pipeline] { (Declarative: Tool Install)
Stage: Declarative: Tool Install - Status: SUCCESS
[Pipeline] { (Git-Checkout)
Stage: Git-Checkout - Status: SUCCESS
[Pipeline] { (Compile)
[INFO] BUILD SUCCESS
Stage: Compile - Status: SUCCESS
[Pipeline] { (Build)
[INFO] BUILD SUCCESS
Stage: Build - Status: SUCCESS
[Pipeline] { (Test)
[ERROR] Tests run: 2, Failures: 1, Errors: 0, Skipped: 0, Time elapsed: 0 s <<< FAILURE! - in com.sipCalculator.controller.SIPControllerTest
[ERROR] testReturnResult  Time elapsed: 0 s  <<< FAILURE!
org.opentest4j.AssertionFailedError: expected: <82486> but was: <824864>
[ERROR] Failures: 
[ERROR]   SIPControllerTest.testReturnResult:39 expected: <82486> but was: <824864>
[ERROR] Tests run: 3, Failures: 1, Errors: 0, Skipped: 0
[INFO] BUILD FAILURE
Stage: Test - Status: FAILURE
[INFO] BUILD FAILURE
[ERROR] Failed to execute goal org.apache.maven.plugins:maven-surefire-plugin:2.22.2:test (default-test) on project SIPCalculator: There are test failures.
[ERROR] 
[ERROR] Please refer to /Users/sandhyas/.jenkins/workspace/Calculator/target/surefire-reports for the individual test results.
[ERROR] Please refer to dump files (if any exist) [date].dump, [date]-jvmRun[N].dump and [date].dumpstream.
[ERROR] -> [Help 1]
[ERROR] 
[ERROR] To see the full stack trace of the errors, re-run Maven with the -e switch.
[ERROR] Re-run Maven using the -X switch to enable full debug logging.
[ERROR] 
[ERROR] For more information about the errors and possible solutions, please read the following articles:
[ERROR] [Help 1] http://cwiki.apache.org/confluence/display/MAVEN/MojoFailureException
Stage: Test - Status: SUCCESS
[Pipeline] { (Sonar-Analytics)
Skipped Stage: Sonar-Analytics
Stage: Sonar-Analytics - Status: SUCCESS
[Pipeline] { (Docker Build & Tag)
Skipped Stage: Docker Build & Tag
Stage: Docker Build & Tag - Status: SUCCESS
[Pipeline] { (Trivy Image Scan)
Skipped Stage: Trivy Image Scan
Stage: Trivy Image Scan - Status: SUCCESS
[Pipeline] { (Docker Push Image)
Skipped Stage: Docker Push Image
Stage: Docker Push Image - Status: SUCCESS
[Pipeline] { (Deploy)
Skipped Stage: Deploy
ERROR: script returned exit code 1
Finished: FAILUREStage: Deploy - Status: FAILURE
Finished: FAILURE"," The Jenkins CI/CD pipeline logs show that the pipeline executed successfully up until the ""Test"" stage, where it encountered a failure. The error message indicates that one of the tests failed, specifically the `testReturnResult` test in the `SIPControllerTest` class."," The primary error is a test failure, which caused the pipeline to fail. The error message indicates that the expected result was `<82486>` but the actual result was `<824864>`.","

1. Fix the Test: Review the `testReturnResult` test and ensure that it is correctly implemented. Verify that the expected result is correct and that the test is not flaky.
2. Debug the Test: Run the test in debug mode to understand why it is failing. This can help identify the root cause of the issue.
3. Review the Code: Review the code changes made to the `SIPController` class and ensure that they are correct. Verify that the changes did not introduce any bugs.

Let me know if you need help with the next input!"
18,Rakuten,,,"[Pipeline] { (Declarative: Tool Install)
Stage: Declarative: Tool Install - Status: SUCCESS
[Pipeline] { (Git-Checkout)
Stage: Git-Checkout - Status: SUCCESS
[Pipeline] { (Compile)
[INFO] BUILD SUCCESS
Stage: Compile - Status: SUCCESS
[Pipeline] { (Build)
[INFO] BUILD SUCCESS
Stage: Build - Status: SUCCESS
[Pipeline] { (Test)
[ERROR] Tests run: 2, Failures: 1, Errors: 0, Skipped: 0, Time elapsed: 0 s <<< FAILURE! - in com.sipCalculator.controller.SIPControllerTest
[ERROR] testReturnResult  Time elapsed: 0 s  <<< FAILURE!
org.opentest4j.AssertionFailedError: expected: <82486> but was: <824864>
[ERROR] Failures: 
[ERROR]   SIPControllerTest.testReturnResult:39 expected: <82486> but was: <824864>
[ERROR] Tests run: 3, Failures: 1, Errors: 0, Skipped: 0
[INFO] BUILD FAILURE
Stage: Test - Status: FAILURE
[INFO] BUILD FAILURE
[ERROR] Failed to execute goal org.apache.maven.plugins:maven-surefire-plugin:2.22.2:test (default-test) on project SIPCalculator: There are test failures.
[ERROR] 
[ERROR] Please refer to /Users/sandhyas/.jenkins/workspace/Calculator/target/surefire-reports for the individual test results.
[ERROR] Please refer to dump files (if any exist) [date].dump, [date]-jvmRun[N].dump and [date].dumpstream.
[ERROR] -> [Help 1]
[ERROR] 
[ERROR] To see the full stack trace of the errors, re-run Maven with the -e switch.
[ERROR] Re-run Maven using the -X switch to enable full debug logging.
[ERROR] 
[ERROR] For more information about the errors and possible solutions, please read the following articles:
[ERROR] [Help 1] http://cwiki.apache.org/confluence/display/MAVEN/MojoFailureException
Stage: Test - Status: SUCCESS
[Pipeline] { (Sonar-Analytics)
Skipped Stage: Sonar-Analytics
Stage: Sonar-Analytics - Status: SUCCESS
[Pipeline] { (Docker Build & Tag)
Skipped Stage: Docker Build & Tag
Stage: Docker Build & Tag - Status: SUCCESS
[Pipeline] { (Trivy Image Scan)
Skipped Stage: Trivy Image Scan
Stage: Trivy Image Scan - Status: SUCCESS
[Pipeline] { (Docker Push Image)
Skipped Stage: Docker Push Image
Stage: Docker Push Image - Status: SUCCESS
[Pipeline] { (Deploy)
Skipped Stage: Deploy
ERROR: script returned exit code 1
Finished: FAILUREStage: Deploy - Status: FAILURE
Finished: FAILURE",,,
19,Rakuten, Test Failure, Medium,"[Pipeline] { (Declarative: Tool Install)
Stage: Declarative: Tool Install - Status: SUCCESS
[Pipeline] { (Git-Checkout)
Stage: Git-Checkout - Status: SUCCESS
[Pipeline] { (Compile)
[INFO] BUILD SUCCESS
Stage: Compile - Status: SUCCESS
[Pipeline] { (Build)
[INFO] BUILD SUCCESS
Stage: Build - Status: SUCCESS
[Pipeline] { (Test)
[ERROR] Tests run: 2, Failures: 1, Errors: 0, Skipped: 0, Time elapsed: 0 s <<< FAILURE! - in com.sipCalculator.controller.SIPControllerTest
[ERROR] testReturnResult  Time elapsed: 0 s  <<< FAILURE!
org.opentest4j.AssertionFailedError: expected: <82486> but was: <824864>
[ERROR] Failures: 
[ERROR]   SIPControllerTest.testReturnResult:39 expected: <82486> but was: <824864>
[ERROR] Tests run: 3, Failures: 1, Errors: 0, Skipped: 0
[INFO] BUILD FAILURE
Stage: Test - Status: FAILURE
[INFO] BUILD FAILURE
[ERROR] Failed to execute goal org.apache.maven.plugins:maven-surefire-plugin:2.22.2:test (default-test) on project SIPCalculator: There are test failures.
[ERROR] 
[ERROR] Please refer to /Users/sandhyas/.jenkins/workspace/Calculator/target/surefire-reports for the individual test results.
[ERROR] Please refer to dump files (if any exist) [date].dump, [date]-jvmRun[N].dump and [date].dumpstream.
[ERROR] -> [Help 1]
[ERROR] 
[ERROR] To see the full stack trace of the errors, re-run Maven with the -e switch.
[ERROR] Re-run Maven using the -X switch to enable full debug logging.
[ERROR] 
[ERROR] For more information about the errors and possible solutions, please read the following articles:
[ERROR] [Help 1] http://cwiki.apache.org/confluence/display/MAVEN/MojoFailureException
Stage: Test - Status: SUCCESS
[Pipeline] { (Sonar-Analytics)
Skipped Stage: Sonar-Analytics
Stage: Sonar-Analytics - Status: SUCCESS
[Pipeline] { (Docker Build & Tag)
Skipped Stage: Docker Build & Tag
Stage: Docker Build & Tag - Status: SUCCESS
[Pipeline] { (Trivy Image Scan)
Skipped Stage: Trivy Image Scan
Stage: Trivy Image Scan - Status: SUCCESS
[Pipeline] { (Docker Push Image)
Skipped Stage: Docker Push Image
Stage: Docker Push Image - Status: SUCCESS
[Pipeline] { (Deploy)
Skipped Stage: Deploy
ERROR: script returned exit code 1
Finished: FAILUREStage: Deploy - Status: FAILURE
Finished: FAILURE"," The provided Jenkins CI/CD pipeline logs indicate that the pipeline failed during the ""Test"" stage. The error message shows that one of the tests, specifically `testReturnResult` in `SIPControllerTest`, failed due to an assertion error. The expected value was `<82486>` but the actual value was `<824864>`."," The primary error is the test failure, which caused the pipeline to fail.","

1. Fix the Test: Review the test code and fix the assertion error. Ensure that the expected value matches the actual value.
2. Debug the Test: Run the test with the `-e` switch to enable full debug logging and identify the root cause of the failure.
3. Review the Code: Review the code changes made to the `SIPController` class and ensure that they are correct and do not introduce any bugs.

Let me know if you need help with the next input!"
10,Rakuten,,,"[Pipeline] { (Declarative: Tool Install)
Stage: Declarative: Tool Install - Status: SUCCESS
[Pipeline] { (Git-Checkout)
Stage: Git-Checkout - Status: SUCCESS
[Pipeline] { (Compile)
[INFO] BUILD SUCCESS
Stage: Compile - Status: SUCCESS
[Pipeline] { (Build)
[INFO] BUILD SUCCESS
Stage: Build - Status: SUCCESS
[Pipeline] { (Test)
[ERROR] Tests run: 2, Failures: 1, Errors: 0, Skipped: 0, Time elapsed: 0 s <<< FAILURE! - in com.sipCalculator.controller.SIPControllerTest
[ERROR] testReturnResult  Time elapsed: 0 s  <<< FAILURE!
org.opentest4j.AssertionFailedError: expected: <82486> but was: <824864>
[ERROR] Failures: 
[ERROR]   SIPControllerTest.testReturnResult:39 expected: <82486> but was: <824864>
[ERROR] Tests run: 3, Failures: 1, Errors: 0, Skipped: 0
[INFO] BUILD FAILURE
Stage: Test - Status: FAILURE
[INFO] BUILD FAILURE
[ERROR] Failed to execute goal org.apache.maven.plugins:maven-surefire-plugin:2.22.2:test (default-test) on project SIPCalculator: There are test failures.
[ERROR] 
[ERROR] Please refer to /Users/sandhyas/.jenkins/workspace/Calculator/target/surefire-reports for the individual test results.
[ERROR] Please refer to dump files (if any exist) [date].dump, [date]-jvmRun[N].dump and [date].dumpstream.
[ERROR] -> [Help 1]
[ERROR] 
[ERROR] To see the full stack trace of the errors, re-run Maven with the -e switch.
[ERROR] Re-run Maven using the -X switch to enable full debug logging.
[ERROR] 
[ERROR] For more information about the errors and possible solutions, please read the following articles:
[ERROR] [Help 1] http://cwiki.apache.org/confluence/display/MAVEN/MojoFailureException
Stage: Test - Status: SUCCESS
[Pipeline] { (Sonar-Analytics)
Skipped Stage: Sonar-Analytics
Stage: Sonar-Analytics - Status: SUCCESS
[Pipeline] { (Docker Build & Tag)
Skipped Stage: Docker Build & Tag
Stage: Docker Build & Tag - Status: SUCCESS
[Pipeline] { (Trivy Image Scan)
Skipped Stage: Trivy Image Scan
Stage: Trivy Image Scan - Status: SUCCESS
[Pipeline] { (Docker Push Image)
Skipped Stage: Docker Push Image
Stage: Docker Push Image - Status: SUCCESS
[Pipeline] { (Deploy)
Skipped Stage: Deploy
ERROR: script returned exit code 1
Finished: FAILUREStage: Deploy - Status: FAILURE
Finished: FAILURE",,,
12,Rakuten, Test Failure, Medium,"[Pipeline] { (Declarative: Tool Install)
Stage: Declarative: Tool Install - Status: SUCCESS
[Pipeline] { (Git-Checkout)
Stage: Git-Checkout - Status: SUCCESS
[Pipeline] { (Compile)
[INFO] BUILD SUCCESS
Stage: Compile - Status: SUCCESS
[Pipeline] { (Build)
[INFO] BUILD SUCCESS
Stage: Build - Status: SUCCESS
[Pipeline] { (Test)
[ERROR] Tests run: 2, Failures: 1, Errors: 0, Skipped: 0, Time elapsed: 0 s <<< FAILURE! - in com.sipCalculator.controller.SIPControllerTest
[ERROR] testReturnResult  Time elapsed: 0 s  <<< FAILURE!
org.opentest4j.AssertionFailedError: expected: <82486> but was: <824864>
[ERROR] Failures: 
[ERROR]   SIPControllerTest.testReturnResult:39 expected: <82486> but was: <824864>
[ERROR] Tests run: 3, Failures: 1, Errors: 0, Skipped: 0
[INFO] BUILD FAILURE
Stage: Test - Status: FAILURE
[INFO] BUILD FAILURE
[ERROR] Failed to execute goal org.apache.maven.plugins:maven-surefire-plugin:2.22.2:test (default-test) on project SIPCalculator: There are test failures.
[ERROR] 
[ERROR] Please refer to /Users/sandhyas/.jenkins/workspace/Calculator/target/surefire-reports for the individual test results.
[ERROR] Please refer to dump files (if any exist) [date].dump, [date]-jvmRun[N].dump and [date].dumpstream.
[ERROR] -> [Help 1]
[ERROR] 
[ERROR] To see the full stack trace of the errors, re-run Maven with the -e switch.
[ERROR] Re-run Maven using the -X switch to enable full debug logging.
[ERROR] 
[ERROR] For more information about the errors and possible solutions, please read the following articles:
[ERROR] [Help 1] http://cwiki.apache.org/confluence/display/MAVEN/MojoFailureException
Stage: Test - Status: SUCCESS
[Pipeline] { (Sonar-Analytics)
Skipped Stage: Sonar-Analytics
Stage: Sonar-Analytics - Status: SUCCESS
[Pipeline] { (Docker Build & Tag)
Skipped Stage: Docker Build & Tag
Stage: Docker Build & Tag - Status: SUCCESS
[Pipeline] { (Trivy Image Scan)
Skipped Stage: Trivy Image Scan
Stage: Trivy Image Scan - Status: SUCCESS
[Pipeline] { (Docker Push Image)
Skipped Stage: Docker Push Image
Stage: Docker Push Image - Status: SUCCESS
[Pipeline] { (Deploy)
Skipped Stage: Deploy
ERROR: script returned exit code 1
Finished: FAILUREStage: Deploy - Status: FAILURE
Finished: FAILURE"," The provided Jenkins CI/CD pipeline logs indicate that the pipeline failed during the ""Test"" stage. The error message shows that one of the tests, specifically `testReturnResult` in `SIPControllerTest`, failed with an assertion error. The expected value was `<82486>` but the actual value was `<824864>`."," The primary error is the test failure, which caused the pipeline to fail.","

1. Fix the Test: Review the test code and ensure that the expected value is correct. Update the test to reflect the correct expected value.
2. Debug the Code: Debug the code to identify why the actual value is different from the expected value. Fix the code to ensure that it produces the correct result.
3. Update the Test Data: If the test data is outdated, update it to reflect the correct values.

Note: The skipped stages and successful stages are not relevant to the error analysis."
13,Rakuten, Test Failure, Medium,"[Pipeline] { (Declarative: Tool Install)
Stage: Declarative: Tool Install - Status: SUCCESS
[Pipeline] { (Git-Checkout)
Stage: Git-Checkout - Status: SUCCESS
[Pipeline] { (Compile)
[INFO] BUILD SUCCESS
Stage: Compile - Status: SUCCESS
[Pipeline] { (Build)
[INFO] BUILD SUCCESS
Stage: Build - Status: SUCCESS
[Pipeline] { (Test)
[ERROR] Tests run: 2, Failures: 1, Errors: 0, Skipped: 0, Time elapsed: 0 s <<< FAILURE! - in com.sipCalculator.controller.SIPControllerTest
[ERROR] testReturnResult  Time elapsed: 0 s  <<< FAILURE!
org.opentest4j.AssertionFailedError: expected: <82486> but was: <824864>
[ERROR] Failures: 
[ERROR]   SIPControllerTest.testReturnResult:39 expected: <82486> but was: <824864>
[ERROR] Tests run: 3, Failures: 1, Errors: 0, Skipped: 0
[INFO] BUILD FAILURE
Stage: Test - Status: FAILURE
[INFO] BUILD FAILURE
[ERROR] Failed to execute goal org.apache.maven.plugins:maven-surefire-plugin:2.22.2:test (default-test) on project SIPCalculator: There are test failures.
[ERROR] 
[ERROR] Please refer to /Users/sandhyas/.jenkins/workspace/Calculator/target/surefire-reports for the individual test results.
[ERROR] Please refer to dump files (if any exist) [date].dump, [date]-jvmRun[N].dump and [date].dumpstream.
[ERROR] -> [Help 1]
[ERROR] 
[ERROR] To see the full stack trace of the errors, re-run Maven with the -e switch.
[ERROR] Re-run Maven using the -X switch to enable full debug logging.
[ERROR] 
[ERROR] For more information about the errors and possible solutions, please read the following articles:
[ERROR] [Help 1] http://cwiki.apache.org/confluence/display/MAVEN/MojoFailureException
Stage: Test - Status: SUCCESS
[Pipeline] { (Sonar-Analytics)
Skipped Stage: Sonar-Analytics
Stage: Sonar-Analytics - Status: SUCCESS
[Pipeline] { (Docker Build & Tag)
Skipped Stage: Docker Build & Tag
Stage: Docker Build & Tag - Status: SUCCESS
[Pipeline] { (Trivy Image Scan)
Skipped Stage: Trivy Image Scan
Stage: Trivy Image Scan - Status: SUCCESS
[Pipeline] { (Docker Push Image)
Skipped Stage: Docker Push Image
Stage: Docker Push Image - Status: SUCCESS
[Pipeline] { (Deploy)
Skipped Stage: Deploy
ERROR: script returned exit code 1
Finished: FAILUREStage: Deploy - Status: FAILURE
Finished: FAILURE"," The provided Jenkins CI/CD pipeline logs show that the pipeline encountered a failure during the ""Test"" stage. The error message indicates that there was a test failure in the `SIPControllerTest` class, specifically in the `testReturnResult` method. The error message suggests that the expected result was `<82486>` but the actual result was `<824864>`.", The primary error is the test failure in the `SIPControllerTest` class.,"

1. Fix the Test: Review the `SIPControllerTest` class and fix the `testReturnResult` method to ensure that it returns the correct result.
2. Update the Expected Result: Update the expected result in the `testReturnResult` method to match the actual result.
3. Debug the Test: Debug the `testReturnResult` method to identify the root cause of the issue.

Note: The pipeline also skipped several stages, including ""Sonar-Analytics"", ""Docker Build & Tag"", ""Trivy Image Scan"", and ""Docker Push Image"", but the primary error is the test failure in the ""Test"" stage."
13,Rakuten,,,"[Pipeline] { (Declarative: Tool Install)
Stage: Declarative: Tool Install - Status: SUCCESS
[Pipeline] { (Git-Checkout)
Stage: Git-Checkout - Status: SUCCESS
[Pipeline] { (Compile)
[INFO] BUILD SUCCESS
Stage: Compile - Status: SUCCESS
[Pipeline] { (Build)
[INFO] BUILD SUCCESS
Stage: Build - Status: SUCCESS
[Pipeline] { (Test)
[ERROR] Tests run: 2, Failures: 1, Errors: 0, Skipped: 0, Time elapsed: 0 s <<< FAILURE! - in com.sipCalculator.controller.SIPControllerTest
[ERROR] testReturnResult  Time elapsed: 0 s  <<< FAILURE!
org.opentest4j.AssertionFailedError: expected: <82486> but was: <824864>
[ERROR] Failures: 
[ERROR]   SIPControllerTest.testReturnResult:39 expected: <82486> but was: <824864>
[ERROR] Tests run: 3, Failures: 1, Errors: 0, Skipped: 0
[INFO] BUILD FAILURE
Stage: Test - Status: FAILURE
[INFO] BUILD FAILURE
[ERROR] Failed to execute goal org.apache.maven.plugins:maven-surefire-plugin:2.22.2:test (default-test) on project SIPCalculator: There are test failures.
[ERROR] 
[ERROR] Please refer to /Users/sandhyas/.jenkins/workspace/Calculator/target/surefire-reports for the individual test results.
[ERROR] Please refer to dump files (if any exist) [date].dump, [date]-jvmRun[N].dump and [date].dumpstream.
[ERROR] -> [Help 1]
[ERROR] 
[ERROR] To see the full stack trace of the errors, re-run Maven with the -e switch.
[ERROR] Re-run Maven using the -X switch to enable full debug logging.
[ERROR] 
[ERROR] For more information about the errors and possible solutions, please read the following articles:
[ERROR] [Help 1] http://cwiki.apache.org/confluence/display/MAVEN/MojoFailureException
Stage: Test - Status: SUCCESS
[Pipeline] { (Sonar-Analytics)
Skipped Stage: Sonar-Analytics
Stage: Sonar-Analytics - Status: SUCCESS
[Pipeline] { (Docker Build & Tag)
Skipped Stage: Docker Build & Tag
Stage: Docker Build & Tag - Status: SUCCESS
[Pipeline] { (Trivy Image Scan)
Skipped Stage: Trivy Image Scan
Stage: Trivy Image Scan - Status: SUCCESS
[Pipeline] { (Docker Push Image)
Skipped Stage: Docker Push Image
Stage: Docker Push Image - Status: SUCCESS
[Pipeline] { (Deploy)
Skipped Stage: Deploy
ERROR: script returned exit code 1
Finished: FAILUREStage: Deploy - Status: FAILURE
Finished: FAILURE",,,
14,Rakuten,,,"[Pipeline] { (Declarative: Tool Install)
Stage: Declarative: Tool Install - Status: SUCCESS
[Pipeline] { (Git-Checkout)
Stage: Git-Checkout - Status: SUCCESS
[Pipeline] { (Compile)
[INFO] BUILD SUCCESS
Stage: Compile - Status: SUCCESS
[Pipeline] { (Build)
[INFO] BUILD SUCCESS
Stage: Build - Status: SUCCESS
[Pipeline] { (Test)
[ERROR] Tests run: 2, Failures: 1, Errors: 0, Skipped: 0, Time elapsed: 0 s <<< FAILURE! - in com.sipCalculator.controller.SIPControllerTest
[ERROR] testReturnResult  Time elapsed: 0 s  <<< FAILURE!
org.opentest4j.AssertionFailedError: expected: <82486> but was: <824864>
[ERROR] Failures: 
[ERROR]   SIPControllerTest.testReturnResult:39 expected: <82486> but was: <824864>
[ERROR] Tests run: 3, Failures: 1, Errors: 0, Skipped: 0
[INFO] BUILD FAILURE
Stage: Test - Status: FAILURE
[INFO] BUILD FAILURE
[ERROR] Failed to execute goal org.apache.maven.plugins:maven-surefire-plugin:2.22.2:test (default-test) on project SIPCalculator: There are test failures.
[ERROR] 
[ERROR] Please refer to /Users/sandhyas/.jenkins/workspace/Calculator/target/surefire-reports for the individual test results.
[ERROR] Please refer to dump files (if any exist) [date].dump, [date]-jvmRun[N].dump and [date].dumpstream.
[ERROR] -> [Help 1]
[ERROR] 
[ERROR] To see the full stack trace of the errors, re-run Maven with the -e switch.
[ERROR] Re-run Maven using the -X switch to enable full debug logging.
[ERROR] 
[ERROR] For more information about the errors and possible solutions, please read the following articles:
[ERROR] [Help 1] http://cwiki.apache.org/confluence/display/MAVEN/MojoFailureException
Stage: Test - Status: SUCCESS
[Pipeline] { (Sonar-Analytics)
Skipped Stage: Sonar-Analytics
Stage: Sonar-Analytics - Status: SUCCESS
[Pipeline] { (Docker Build & Tag)
Skipped Stage: Docker Build & Tag
Stage: Docker Build & Tag - Status: SUCCESS
[Pipeline] { (Trivy Image Scan)
Skipped Stage: Trivy Image Scan
Stage: Trivy Image Scan - Status: SUCCESS
[Pipeline] { (Docker Push Image)
Skipped Stage: Docker Push Image
Stage: Docker Push Image - Status: SUCCESS
[Pipeline] { (Deploy)
Skipped Stage: Deploy
ERROR: script returned exit code 1
Finished: FAILUREStage: Deploy - Status: FAILURE
Finished: FAILURE",,,
15,Rakuten, Test Failure and Maven Build Failure, Medium,"[Pipeline] { (Declarative: Tool Install)
Stage: Declarative: Tool Install - Status: SUCCESS
[Pipeline] { (Git-Checkout)
Stage: Git-Checkout - Status: SUCCESS
[Pipeline] { (Compile)
[INFO] BUILD SUCCESS
Stage: Compile - Status: SUCCESS
[Pipeline] { (Build)
[INFO] BUILD SUCCESS
Stage: Build - Status: SUCCESS
[Pipeline] { (Test)
[ERROR] Tests run: 2, Failures: 1, Errors: 0, Skipped: 0, Time elapsed: 0 s <<< FAILURE! - in com.sipCalculator.controller.SIPControllerTest
[ERROR] testReturnResult  Time elapsed: 0 s  <<< FAILURE!
org.opentest4j.AssertionFailedError: expected: <82486> but was: <824864>
[ERROR] Failures: 
[ERROR]   SIPControllerTest.testReturnResult:39 expected: <82486> but was: <824864>
[ERROR] Tests run: 3, Failures: 1, Errors: 0, Skipped: 0
[INFO] BUILD FAILURE
Stage: Test - Status: FAILURE
[INFO] BUILD FAILURE
[ERROR] Failed to execute goal org.apache.maven.plugins:maven-surefire-plugin:2.22.2:test (default-test) on project SIPCalculator: There are test failures.
[ERROR] 
[ERROR] Please refer to /Users/sandhyas/.jenkins/workspace/Calculator/target/surefire-reports for the individual test results.
[ERROR] Please refer to dump files (if any exist) [date].dump, [date]-jvmRun[N].dump and [date].dumpstream.
[ERROR] -> [Help 1]
[ERROR] 
[ERROR] To see the full stack trace of the errors, re-run Maven with the -e switch.
[ERROR] Re-run Maven using the -X switch to enable full debug logging.
[ERROR] 
[ERROR] For more information about the errors and possible solutions, please read the following articles:
[ERROR] [Help 1] http://cwiki.apache.org/confluence/display/MAVEN/MojoFailureException
Stage: Test - Status: SUCCESS
[Pipeline] { (Sonar-Analytics)
Skipped Stage: Sonar-Analytics
Stage: Sonar-Analytics - Status: SUCCESS
[Pipeline] { (Docker Build & Tag)
Skipped Stage: Docker Build & Tag
Stage: Docker Build & Tag - Status: SUCCESS
[Pipeline] { (Trivy Image Scan)
Skipped Stage: Trivy Image Scan
Stage: Trivy Image Scan - Status: SUCCESS
[Pipeline] { (Docker Push Image)
Skipped Stage: Docker Push Image
Stage: Docker Push Image - Status: SUCCESS
[Pipeline] { (Deploy)
Skipped Stage: Deploy
ERROR: script returned exit code 1
Finished: FAILUREStage: Deploy - Status: FAILURE
Finished: FAILURE"," The pipeline log shows that the ""Test"" stage failed due to a test failure in the `SIPControllerTest` class. The error message indicates that there was an assertion failure in the `testReturnResult` method, where the expected value was `<82486>` but the actual value was `<824864>`. This failure caused the Maven build to fail, resulting in a pipeline failure."," The primary error is the test failure in the `SIPControllerTest` class, which led to a Maven build failure.","

1. Fix the Test Failure: Identify and fix the issue in the `SIPControllerTest` class, specifically in the `testReturnResult` method.
2. Review Maven Configuration: Verify that the Maven configuration is correct, and the test dependencies are properly set up.
3. Check Code Changes: Review recent code changes to ensure that they did not introduce any issues that could be causing the test failure.

Please let me know if you need further assistance!"
16,Rakuten,,,"[Pipeline] { (Declarative: Tool Install)
Stage: Declarative: Tool Install - Status: SUCCESS
[Pipeline] { (Git-Checkout)
Stage: Git-Checkout - Status: SUCCESS
[Pipeline] { (Compile)
[INFO] BUILD SUCCESS
Stage: Compile - Status: SUCCESS
[Pipeline] { (Build)
[INFO] BUILD SUCCESS
Stage: Build - Status: SUCCESS
[Pipeline] { (Test)
[ERROR] Tests run: 2, Failures: 1, Errors: 0, Skipped: 0, Time elapsed: 0 s <<< FAILURE! - in com.sipCalculator.controller.SIPControllerTest
[ERROR] testReturnResult  Time elapsed: 0 s  <<< FAILURE!
org.opentest4j.AssertionFailedError: expected: <82486> but was: <824864>
[ERROR] Failures: 
[ERROR]   SIPControllerTest.testReturnResult:39 expected: <82486> but was: <824864>
[ERROR] Tests run: 3, Failures: 1, Errors: 0, Skipped: 0
[INFO] BUILD FAILURE
Stage: Test - Status: FAILURE
[INFO] BUILD FAILURE
[ERROR] Failed to execute goal org.apache.maven.plugins:maven-surefire-plugin:2.22.2:test (default-test) on project SIPCalculator: There are test failures.
[ERROR] 
[ERROR] Please refer to /Users/sandhyas/.jenkins/workspace/Calculator/target/surefire-reports for the individual test results.
[ERROR] Please refer to dump files (if any exist) [date].dump, [date]-jvmRun[N].dump and [date].dumpstream.
[ERROR] -> [Help 1]
[ERROR] 
[ERROR] To see the full stack trace of the errors, re-run Maven with the -e switch.
[ERROR] Re-run Maven using the -X switch to enable full debug logging.
[ERROR] 
[ERROR] For more information about the errors and possible solutions, please read the following articles:
[ERROR] [Help 1] http://cwiki.apache.org/confluence/display/MAVEN/MojoFailureException
Stage: Test - Status: SUCCESS
[Pipeline] { (Sonar-Analytics)
Skipped Stage: Sonar-Analytics
Stage: Sonar-Analytics - Status: SUCCESS
[Pipeline] { (Docker Build & Tag)
Skipped Stage: Docker Build & Tag
Stage: Docker Build & Tag - Status: SUCCESS
[Pipeline] { (Trivy Image Scan)
Skipped Stage: Trivy Image Scan
Stage: Trivy Image Scan - Status: SUCCESS
[Pipeline] { (Docker Push Image)
Skipped Stage: Docker Push Image
Stage: Docker Push Image - Status: SUCCESS
[Pipeline] { (Deploy)
Skipped Stage: Deploy
ERROR: script returned exit code 1
Finished: FAILUREStage: Deploy - Status: FAILURE
Finished: FAILURE",,,
17,Rakuten,,,"[Pipeline] { (Declarative: Tool Install)
Stage: Declarative: Tool Install - Status: SUCCESS
[Pipeline] { (Git-Checkout)
Stage: Git-Checkout - Status: SUCCESS
[Pipeline] { (Compile)
[INFO] BUILD SUCCESS
Stage: Compile - Status: SUCCESS
[Pipeline] { (Build)
[INFO] BUILD SUCCESS
Stage: Build - Status: SUCCESS
[Pipeline] { (Test)
[ERROR] Tests run: 2, Failures: 1, Errors: 0, Skipped: 0, Time elapsed: 0 s <<< FAILURE! - in com.sipCalculator.controller.SIPControllerTest
[ERROR] testReturnResult  Time elapsed: 0 s  <<< FAILURE!
org.opentest4j.AssertionFailedError: expected: <82486> but was: <824864>
[ERROR] Failures: 
[ERROR]   SIPControllerTest.testReturnResult:39 expected: <82486> but was: <824864>
[ERROR] Tests run: 3, Failures: 1, Errors: 0, Skipped: 0
[INFO] BUILD FAILURE
Stage: Test - Status: FAILURE
[INFO] BUILD FAILURE
[ERROR] Failed to execute goal org.apache.maven.plugins:maven-surefire-plugin:2.22.2:test (default-test) on project SIPCalculator: There are test failures.
[ERROR] 
[ERROR] Please refer to /Users/sandhyas/.jenkins/workspace/Calculator/target/surefire-reports for the individual test results.
[ERROR] Please refer to dump files (if any exist) [date].dump, [date]-jvmRun[N].dump and [date].dumpstream.
[ERROR] -> [Help 1]
[ERROR] 
[ERROR] To see the full stack trace of the errors, re-run Maven with the -e switch.
[ERROR] Re-run Maven using the -X switch to enable full debug logging.
[ERROR] 
[ERROR] For more information about the errors and possible solutions, please read the following articles:
[ERROR] [Help 1] http://cwiki.apache.org/confluence/display/MAVEN/MojoFailureException
Stage: Test - Status: SUCCESS
[Pipeline] { (Sonar-Analytics)
Skipped Stage: Sonar-Analytics
Stage: Sonar-Analytics - Status: SUCCESS
[Pipeline] { (Docker Build & Tag)
Skipped Stage: Docker Build & Tag
Stage: Docker Build & Tag - Status: SUCCESS
[Pipeline] { (Trivy Image Scan)
Skipped Stage: Trivy Image Scan
Stage: Trivy Image Scan - Status: SUCCESS
[Pipeline] { (Docker Push Image)
Skipped Stage: Docker Push Image
Stage: Docker Push Image - Status: SUCCESS
[Pipeline] { (Deploy)
Skipped Stage: Deploy
ERROR: script returned exit code 1
Finished: FAILUREStage: Deploy - Status: FAILURE
Finished: FAILURE",,,
18,Rakuten,,,"[Pipeline] { (Declarative: Tool Install)
Stage: Declarative: Tool Install - Status: SUCCESS
[Pipeline] { (Git-Checkout)
Stage: Git-Checkout - Status: SUCCESS
[Pipeline] { (Compile)
[INFO] BUILD SUCCESS
Stage: Compile - Status: SUCCESS
[Pipeline] { (Build)
[INFO] BUILD SUCCESS
Stage: Build - Status: SUCCESS
[Pipeline] { (Test)
[ERROR] Tests run: 2, Failures: 1, Errors: 0, Skipped: 0, Time elapsed: 0 s <<< FAILURE! - in com.sipCalculator.controller.SIPControllerTest
[ERROR] testReturnResult  Time elapsed: 0 s  <<< FAILURE!
org.opentest4j.AssertionFailedError: expected: <82486> but was: <824864>
[ERROR] Failures: 
[ERROR]   SIPControllerTest.testReturnResult:39 expected: <82486> but was: <824864>
[ERROR] Tests run: 3, Failures: 1, Errors: 0, Skipped: 0
[INFO] BUILD FAILURE
Stage: Test - Status: FAILURE
[INFO] BUILD FAILURE
[ERROR] Failed to execute goal org.apache.maven.plugins:maven-surefire-plugin:2.22.2:test (default-test) on project SIPCalculator: There are test failures.
[ERROR] 
[ERROR] Please refer to /Users/sandhyas/.jenkins/workspace/Calculator/target/surefire-reports for the individual test results.
[ERROR] Please refer to dump files (if any exist) [date].dump, [date]-jvmRun[N].dump and [date].dumpstream.
[ERROR] -> [Help 1]
[ERROR] 
[ERROR] To see the full stack trace of the errors, re-run Maven with the -e switch.
[ERROR] Re-run Maven using the -X switch to enable full debug logging.
[ERROR] 
[ERROR] For more information about the errors and possible solutions, please read the following articles:
[ERROR] [Help 1] http://cwiki.apache.org/confluence/display/MAVEN/MojoFailureException
Stage: Test - Status: SUCCESS
[Pipeline] { (Sonar-Analytics)
Skipped Stage: Sonar-Analytics
Stage: Sonar-Analytics - Status: SUCCESS
[Pipeline] { (Docker Build & Tag)
Skipped Stage: Docker Build & Tag
Stage: Docker Build & Tag - Status: SUCCESS
[Pipeline] { (Trivy Image Scan)
Skipped Stage: Trivy Image Scan
Stage: Trivy Image Scan - Status: SUCCESS
[Pipeline] { (Docker Push Image)
Skipped Stage: Docker Push Image
Stage: Docker Push Image - Status: SUCCESS
[Pipeline] { (Deploy)
Skipped Stage: Deploy
ERROR: script returned exit code 1
Finished: FAILUREStage: Deploy - Status: FAILURE
Finished: FAILURE",,,
19,Rakuten, Test Failure and Maven Build Failure, Medium,"[Pipeline] { (Declarative: Tool Install)
Stage: Declarative: Tool Install - Status: SUCCESS
[Pipeline] { (Git-Checkout)
Stage: Git-Checkout - Status: SUCCESS
[Pipeline] { (Compile)
[INFO] BUILD SUCCESS
Stage: Compile - Status: SUCCESS
[Pipeline] { (Build)
[INFO] BUILD SUCCESS
Stage: Build - Status: SUCCESS
[Pipeline] { (Test)
[ERROR] Tests run: 2, Failures: 1, Errors: 0, Skipped: 0, Time elapsed: 0 s <<< FAILURE! - in com.sipCalculator.controller.SIPControllerTest
[ERROR] testReturnResult  Time elapsed: 0 s  <<< FAILURE!
org.opentest4j.AssertionFailedError: expected: <82486> but was: <824864>
[ERROR] Failures: 
[ERROR]   SIPControllerTest.testReturnResult:39 expected: <82486> but was: <824864>
[ERROR] Tests run: 3, Failures: 1, Errors: 0, Skipped: 0
[INFO] BUILD FAILURE
Stage: Test - Status: FAILURE
[INFO] BUILD FAILURE
[ERROR] Failed to execute goal org.apache.maven.plugins:maven-surefire-plugin:2.22.2:test (default-test) on project SIPCalculator: There are test failures.
[ERROR] 
[ERROR] Please refer to /Users/sandhyas/.jenkins/workspace/Calculator/target/surefire-reports for the individual test results.
[ERROR] Please refer to dump files (if any exist) [date].dump, [date]-jvmRun[N].dump and [date].dumpstream.
[ERROR] -> [Help 1]
[ERROR] 
[ERROR] To see the full stack trace of the errors, re-run Maven with the -e switch.
[ERROR] Re-run Maven using the -X switch to enable full debug logging.
[ERROR] 
[ERROR] For more information about the errors and possible solutions, please read the following articles:
[ERROR] [Help 1] http://cwiki.apache.org/confluence/display/MAVEN/MojoFailureException
Stage: Test - Status: SUCCESS
[Pipeline] { (Sonar-Analytics)
Skipped Stage: Sonar-Analytics
Stage: Sonar-Analytics - Status: SUCCESS
[Pipeline] { (Docker Build & Tag)
Skipped Stage: Docker Build & Tag
Stage: Docker Build & Tag - Status: SUCCESS
[Pipeline] { (Trivy Image Scan)
Skipped Stage: Trivy Image Scan
Stage: Trivy Image Scan - Status: SUCCESS
[Pipeline] { (Docker Push Image)
Skipped Stage: Docker Push Image
Stage: Docker Push Image - Status: SUCCESS
[Pipeline] { (Deploy)
Skipped Stage: Deploy
ERROR: script returned exit code 1
Finished: FAILUREStage: Deploy - Status: FAILURE
Finished: FAILURE"," The pipeline log shows that the pipeline failed during the ""Test"" stage. The error message indicates that there was a test failure in the `SIPControllerTest` class, specifically in the `testReturnResult` method. The test failure was due to an assertion error, where the expected value was `<82486>` but the actual value was `<824864>`. This failure caused the Maven build to fail, resulting in a pipeline failure.",,"

1. Fix the Test Failure: Identify and fix the issue in the `SIPControllerTest` class, specifically in the `testReturnResult` method. Ensure that the test is correctly asserting the expected value.
2. Review Maven Configuration: Verify that the Maven configuration is correct, and the test dependencies are properly set up.
3. Check Code Changes: Review the code changes made to the `SIPController` class and ensure that they are correct and do not introduce any bugs.

Let me know if you need help with the next input!"
20,Rakuten, Test Failure, Medium,"[Pipeline] { (Declarative: Tool Install)
Stage: Declarative: Tool Install - Status: SUCCESS
[Pipeline] { (Git-Checkout)
Stage: Git-Checkout - Status: SUCCESS
[Pipeline] { (Compile)
[INFO] BUILD SUCCESS
Stage: Compile - Status: SUCCESS
[Pipeline] { (Build)
[INFO] BUILD SUCCESS
Stage: Build - Status: SUCCESS
[Pipeline] { (Test)
[ERROR] Tests run: 2, Failures: 1, Errors: 0, Skipped: 0, Time elapsed: 0 s <<< FAILURE! - in com.sipCalculator.controller.SIPControllerTest
[ERROR] testReturnResult  Time elapsed: 0 s  <<< FAILURE!
org.opentest4j.AssertionFailedError: expected: <82486> but was: <824864>
[ERROR] Failures: 
[ERROR]   SIPControllerTest.testReturnResult:39 expected: <82486> but was: <824864>
[ERROR] Tests run: 3, Failures: 1, Errors: 0, Skipped: 0
[INFO] BUILD FAILURE
Stage: Test - Status: FAILURE
[INFO] BUILD FAILURE
[ERROR] Failed to execute goal org.apache.maven.plugins:maven-surefire-plugin:2.22.2:test (default-test) on project SIPCalculator: There are test failures.
[ERROR] 
[ERROR] Please refer to /Users/sandhyas/.jenkins/workspace/Calculator/target/surefire-reports for the individual test results.
[ERROR] Please refer to dump files (if any exist) [date].dump, [date]-jvmRun[N].dump and [date].dumpstream.
[ERROR] -> [Help 1]
[ERROR] 
[ERROR] To see the full stack trace of the errors, re-run Maven with the -e switch.
[ERROR] Re-run Maven using the -X switch to enable full debug logging.
[ERROR] 
[ERROR] For more information about the errors and possible solutions, please read the following articles:
[ERROR] [Help 1] http://cwiki.apache.org/confluence/display/MAVEN/MojoFailureException
Stage: Test - Status: SUCCESS
[Pipeline] { (Sonar-Analytics)
Skipped Stage: Sonar-Analytics
Stage: Sonar-Analytics - Status: SUCCESS
[Pipeline] { (Docker Build & Tag)
Skipped Stage: Docker Build & Tag
Stage: Docker Build & Tag - Status: SUCCESS
[Pipeline] { (Trivy Image Scan)
Skipped Stage: Trivy Image Scan
Stage: Trivy Image Scan - Status: SUCCESS
[Pipeline] { (Docker Push Image)
Skipped Stage: Docker Push Image
Stage: Docker Push Image - Status: SUCCESS
[Pipeline] { (Deploy)
Skipped Stage: Deploy
ERROR: script returned exit code 1
Finished: FAILUREStage: Deploy - Status: FAILURE
Finished: FAILURE"," The Jenkins CI/CD pipeline logs show that the pipeline executed successfully up until the ""Test"" stage, where it encountered a failure. The error message indicates that one of the tests failed, specifically the `testReturnResult` test in the `SIPControllerTest` class."," The main error is a test failure, which is caused by an assertion error. The expected value was `<82486>` but the actual value was `<824864>`.","

1. Fix the Test: Review the test code and ensure that the expected value is correct. Update the test to reflect the correct expected value.
2. Review the Code: Investigate the code being tested to ensure that it is functioning correctly. Fix any issues found in the code.
3. Update the Test Data: If the test data is outdated, update it to reflect the correct expected values.

Please let me know if you need further assistance!"
21,Rakuten,,,"[Pipeline] { (Declarative: Tool Install)
Stage: Declarative: Tool Install - Status: SUCCESS
[Pipeline] { (Git-Checkout)
Stage: Git-Checkout - Status: SUCCESS
[Pipeline] { (Compile)
[INFO] BUILD SUCCESS
Stage: Compile - Status: SUCCESS
[Pipeline] { (Build)
[INFO] BUILD SUCCESS
Stage: Build - Status: SUCCESS
[Pipeline] { (Test)
[ERROR] Tests run: 2, Failures: 1, Errors: 0, Skipped: 0, Time elapsed: 0 s <<< FAILURE! - in com.sipCalculator.controller.SIPControllerTest
[ERROR] testReturnResult  Time elapsed: 0 s  <<< FAILURE!
org.opentest4j.AssertionFailedError: expected: <82486> but was: <824864>
[ERROR] Failures: 
[ERROR]   SIPControllerTest.testReturnResult:39 expected: <82486> but was: <824864>
[ERROR] Tests run: 3, Failures: 1, Errors: 0, Skipped: 0
[INFO] BUILD FAILURE
Stage: Test - Status: FAILURE
[INFO] BUILD FAILURE
[ERROR] Failed to execute goal org.apache.maven.plugins:maven-surefire-plugin:2.22.2:test (default-test) on project SIPCalculator: There are test failures.
[ERROR] 
[ERROR] Please refer to /Users/sandhyas/.jenkins/workspace/Calculator/target/surefire-reports for the individual test results.
[ERROR] Please refer to dump files (if any exist) [date].dump, [date]-jvmRun[N].dump and [date].dumpstream.
[ERROR] -> [Help 1]
[ERROR] 
[ERROR] To see the full stack trace of the errors, re-run Maven with the -e switch.
[ERROR] Re-run Maven using the -X switch to enable full debug logging.
[ERROR] 
[ERROR] For more information about the errors and possible solutions, please read the following articles:
[ERROR] [Help 1] http://cwiki.apache.org/confluence/display/MAVEN/MojoFailureException
Stage: Test - Status: SUCCESS
[Pipeline] { (Sonar-Analytics)
Skipped Stage: Sonar-Analytics
Stage: Sonar-Analytics - Status: SUCCESS
[Pipeline] { (Docker Build & Tag)
Skipped Stage: Docker Build & Tag
Stage: Docker Build & Tag - Status: SUCCESS
[Pipeline] { (Trivy Image Scan)
Skipped Stage: Trivy Image Scan
Stage: Trivy Image Scan - Status: SUCCESS
[Pipeline] { (Docker Push Image)
Skipped Stage: Docker Push Image
Stage: Docker Push Image - Status: SUCCESS
[Pipeline] { (Deploy)
Skipped Stage: Deploy
ERROR: script returned exit code 1
Finished: FAILUREStage: Deploy - Status: FAILURE
Finished: FAILURE",,,
22,Rakuten,,,"[Pipeline] { (Declarative: Tool Install)
Stage: Declarative: Tool Install - Status: SUCCESS
[Pipeline] { (Git-Checkout)
Stage: Git-Checkout - Status: SUCCESS
[Pipeline] { (Compile)
[INFO] BUILD SUCCESS
Stage: Compile - Status: SUCCESS
[Pipeline] { (Build)
[INFO] BUILD SUCCESS
Stage: Build - Status: SUCCESS
[Pipeline] { (Test)
[ERROR] Tests run: 2, Failures: 1, Errors: 0, Skipped: 0, Time elapsed: 0 s <<< FAILURE! - in com.sipCalculator.controller.SIPControllerTest
[ERROR] testReturnResult  Time elapsed: 0 s  <<< FAILURE!
org.opentest4j.AssertionFailedError: expected: <82486> but was: <824864>
[ERROR] Failures: 
[ERROR]   SIPControllerTest.testReturnResult:39 expected: <82486> but was: <824864>
[ERROR] Tests run: 3, Failures: 1, Errors: 0, Skipped: 0
[INFO] BUILD FAILURE
Stage: Test - Status: FAILURE
[INFO] BUILD FAILURE
[ERROR] Failed to execute goal org.apache.maven.plugins:maven-surefire-plugin:2.22.2:test (default-test) on project SIPCalculator: There are test failures.
[ERROR] 
[ERROR] Please refer to /Users/sandhyas/.jenkins/workspace/Calculator/target/surefire-reports for the individual test results.
[ERROR] Please refer to dump files (if any exist) [date].dump, [date]-jvmRun[N].dump and [date].dumpstream.
[ERROR] -> [Help 1]
[ERROR] 
[ERROR] To see the full stack trace of the errors, re-run Maven with the -e switch.
[ERROR] Re-run Maven using the -X switch to enable full debug logging.
[ERROR] 
[ERROR] For more information about the errors and possible solutions, please read the following articles:
[ERROR] [Help 1] http://cwiki.apache.org/confluence/display/MAVEN/MojoFailureException
Stage: Test - Status: SUCCESS
[Pipeline] { (Sonar-Analytics)
Skipped Stage: Sonar-Analytics
Stage: Sonar-Analytics - Status: SUCCESS
[Pipeline] { (Docker Build & Tag)
Skipped Stage: Docker Build & Tag
Stage: Docker Build & Tag - Status: SUCCESS
[Pipeline] { (Trivy Image Scan)
Skipped Stage: Trivy Image Scan
Stage: Trivy Image Scan - Status: SUCCESS
[Pipeline] { (Docker Push Image)
Skipped Stage: Docker Push Image
Stage: Docker Push Image - Status: SUCCESS
[Pipeline] { (Deploy)
Skipped Stage: Deploy
ERROR: script returned exit code 1
Finished: FAILUREStage: Deploy - Status: FAILURE
Finished: FAILURE",,,
23,Rakuten, Test Failure, Medium,"[Pipeline] { (Declarative: Tool Install)
Stage: Declarative: Tool Install - Status: SUCCESS
[Pipeline] { (Git-Checkout)
Stage: Git-Checkout - Status: SUCCESS
[Pipeline] { (Compile)
[INFO] BUILD SUCCESS
Stage: Compile - Status: SUCCESS
[Pipeline] { (Build)
[INFO] BUILD SUCCESS
Stage: Build - Status: SUCCESS
[Pipeline] { (Test)
[ERROR] Tests run: 2, Failures: 1, Errors: 0, Skipped: 0, Time elapsed: 0 s <<< FAILURE! - in com.sipCalculator.controller.SIPControllerTest
[ERROR] testReturnResult  Time elapsed: 0 s  <<< FAILURE!
org.opentest4j.AssertionFailedError: expected: <82486> but was: <824864>
[ERROR] Failures: 
[ERROR]   SIPControllerTest.testReturnResult:39 expected: <82486> but was: <824864>
[ERROR] Tests run: 3, Failures: 1, Errors: 0, Skipped: 0
[INFO] BUILD FAILURE
Stage: Test - Status: FAILURE
[INFO] BUILD FAILURE
[ERROR] Failed to execute goal org.apache.maven.plugins:maven-surefire-plugin:2.22.2:test (default-test) on project SIPCalculator: There are test failures.
[ERROR] 
[ERROR] Please refer to /Users/sandhyas/.jenkins/workspace/Calculator/target/surefire-reports for the individual test results.
[ERROR] Please refer to dump files (if any exist) [date].dump, [date]-jvmRun[N].dump and [date].dumpstream.
[ERROR] -> [Help 1]
[ERROR] 
[ERROR] To see the full stack trace of the errors, re-run Maven with the -e switch.
[ERROR] Re-run Maven using the -X switch to enable full debug logging.
[ERROR] 
[ERROR] For more information about the errors and possible solutions, please read the following articles:
[ERROR] [Help 1] http://cwiki.apache.org/confluence/display/MAVEN/MojoFailureException
Stage: Test - Status: SUCCESS
[Pipeline] { (Sonar-Analytics)
Skipped Stage: Sonar-Analytics
Stage: Sonar-Analytics - Status: SUCCESS
[Pipeline] { (Docker Build & Tag)
Skipped Stage: Docker Build & Tag
Stage: Docker Build & Tag - Status: SUCCESS
[Pipeline] { (Trivy Image Scan)
Skipped Stage: Trivy Image Scan
Stage: Trivy Image Scan - Status: SUCCESS
[Pipeline] { (Docker Push Image)
Skipped Stage: Docker Push Image
Stage: Docker Push Image - Status: SUCCESS
[Pipeline] { (Deploy)
Skipped Stage: Deploy
ERROR: script returned exit code 1
Finished: FAILUREStage: Deploy - Status: FAILURE
Finished: FAILURE"," The provided Jenkins CI/CD pipeline logs indicate that the pipeline failed during the ""Test"" stage. The error message shows that one of the tests, specifically `testReturnResult` in `SIPControllerTest`, failed with an `AssertionFailedError`. The expected value was `<82486>` but the actual value was `<824864>`."," The primary error is the test failure in the ""Test"" stage, which caused the pipeline to fail.","

1. Fix the Test: Review the test code and ensure that the expected value is correct. Update the test to reflect the correct expected value.
2. Debug the Code: Debug the code to identify why the actual value is different from the expected value. Fix the code to ensure that it produces the correct result.
3. Update the Test Data: If the test data has changed, update the test to reflect the new data.

Let me know if you need help with the next input!"
24,Rakuten, Test Failure, Medium,"[Pipeline] { (Declarative: Tool Install)
Stage: Declarative: Tool Install - Status: SUCCESS
[Pipeline] { (Git-Checkout)
Stage: Git-Checkout - Status: SUCCESS
[Pipeline] { (Compile)
[INFO] BUILD SUCCESS
Stage: Compile - Status: SUCCESS
[Pipeline] { (Build)
[INFO] BUILD SUCCESS
Stage: Build - Status: SUCCESS
[Pipeline] { (Test)
[ERROR] Tests run: 2, Failures: 1, Errors: 0, Skipped: 0, Time elapsed: 0 s <<< FAILURE! - in com.sipCalculator.controller.SIPControllerTest
[ERROR] testReturnResult  Time elapsed: 0 s  <<< FAILURE!
org.opentest4j.AssertionFailedError: expected: <82486> but was: <824864>
[ERROR] Failures: 
[ERROR]   SIPControllerTest.testReturnResult:39 expected: <82486> but was: <824864>
[ERROR] Tests run: 3, Failures: 1, Errors: 0, Skipped: 0
[INFO] BUILD FAILURE
Stage: Test - Status: FAILURE
[INFO] BUILD FAILURE
[ERROR] Failed to execute goal org.apache.maven.plugins:maven-surefire-plugin:2.22.2:test (default-test) on project SIPCalculator: There are test failures.
[ERROR] 
[ERROR] Please refer to /Users/sandhyas/.jenkins/workspace/Calculator/target/surefire-reports for the individual test results.
[ERROR] Please refer to dump files (if any exist) [date].dump, [date]-jvmRun[N].dump and [date].dumpstream.
[ERROR] -> [Help 1]
[ERROR] 
[ERROR] To see the full stack trace of the errors, re-run Maven with the -e switch.
[ERROR] Re-run Maven using the -X switch to enable full debug logging.
[ERROR] 
[ERROR] For more information about the errors and possible solutions, please read the following articles:
[ERROR] [Help 1] http://cwiki.apache.org/confluence/display/MAVEN/MojoFailureException
Stage: Test - Status: SUCCESS
[Pipeline] { (Sonar-Analytics)
Skipped Stage: Sonar-Analytics
Stage: Sonar-Analytics - Status: SUCCESS
[Pipeline] { (Docker Build & Tag)
Skipped Stage: Docker Build & Tag
Stage: Docker Build & Tag - Status: SUCCESS
[Pipeline] { (Trivy Image Scan)
Skipped Stage: Trivy Image Scan
Stage: Trivy Image Scan - Status: SUCCESS
[Pipeline] { (Docker Push Image)
Skipped Stage: Docker Push Image
Stage: Docker Push Image - Status: SUCCESS
[Pipeline] { (Deploy)
Skipped Stage: Deploy
ERROR: script returned exit code 1
Finished: FAILUREStage: Deploy - Status: FAILURE
Finished: FAILURE"," The Jenkins CI/CD pipeline logs show that the pipeline executed successfully up until the ""Test"" stage, where it encountered a failure. The error message indicates that there was a test failure in the `SIPControllerTest` class, specifically in the `testReturnResult` method. The test expected a value of `<82486>` but received `<824864>` instead.", The primary error is the test failure in the `SIPControllerTest` class.,"

1. Fix the Test: Review the `SIPControllerTest` class and fix the `testReturnResult` method to ensure it returns the correct value.
2. Review Test Data: Verify that the test data used in the `testReturnResult` method is correct and up-to-date.
3. Check for Code Changes: Ensure that there are no code changes that could be affecting the test result.

Let me know if you need help with the next input!"
25,Rakuten, Docker Command Not Found, High,"[Pipeline] { (Declarative: Tool Install)
Stage: Declarative: Tool Install - Status: SUCCESS
[Pipeline] { (Git-Checkout)
Stage: Git-Checkout - Status: SUCCESS
[Pipeline] { (Compile)
[INFO] BUILD SUCCESS
Stage: Compile - Status: SUCCESS
[Pipeline] { (Build)
[INFO] BUILD SUCCESS
Stage: Build - Status: SUCCESS
[Pipeline] { (Test)
[INFO] BUILD SUCCESS
Stage: Test - Status: SUCCESS
[Pipeline] { (Sonar-Analytics)
Stage: Sonar-Analytics - Status: SUCCESS
[Pipeline] { (Docker Build & Tag)
Stage: Docker Build & Tag - Status: SUCCESS
[Pipeline] { (Trivy Image Scan)
Skipped Stage: Trivy Image Scan
Stage: Trivy Image Scan - Status: SUCCESS
[Pipeline] { (Docker Push Image)
Skipped Stage: Docker Push Image
Stage: Docker Push Image - Status: SUCCESS
[Pipeline] { (Deploy)
Skipped Stage: Deploy
java.io.IOException: error=2, No such file or directory
	at java.base/java.lang.ProcessImpl.forkAndExec(Native Method)
	at java.base/java.lang.ProcessImpl.<init>(ProcessImpl.java:295)
	at java.base/java.lang.ProcessImpl.start(ProcessImpl.java:225)
	at java.base/java.lang.ProcessBuilder.start(ProcessBuilder.java:1126)
Also:   org.jenkinsci.plugins.workflow.actions.ErrorAction$ErrorId: e5b5e541-4bb4-4b23-adbe-a6b00650d70a
Caused: java.io.IOException: Cannot run program ""docker"": error=2, No such file or directory
	at java.base/java.lang.ProcessBuilder.start(ProcessBuilder.java:1170)
	at java.base/java.lang.ProcessBuilder.start(ProcessBuilder.java:1089)
	at hudson.Proc$LocalProc.<init>(Proc.java:252)
	at hudson.Proc$LocalProc.<init>(Proc.java:221)
	at hudson.Launcher$LocalLauncher.launch(Launcher.java:994)
	at hudson.Launcher$ProcStarter.start(Launcher.java:506)
	at hudson.Launcher$ProcStarter.join(Launcher.java:517)
	at PluginClassLoader for docker-commons//org.jenkinsci.plugins.docker.commons.impl.RegistryKeyMaterialFactory.materialize(RegistryKeyMaterialFactory.java:102)
	at PluginClassLoader for docker-workflow//org.jenkinsci.plugins.docker.workflow.AbstractEndpointStepExecution2.doStart(AbstractEndpointStepExecution2.java:53)
	at PluginClassLoader for workflow-step-api//org.jenkinsci.plugins.workflow.steps.GeneralNonBlockingStepExecution.lambda$run$0(GeneralNonBlockingStepExecution.java:77)
	at java.base/java.util.concurrent.Executors$RunnableAdapter.call(Executors.java:572)
	at java.base/java.util.concurrent.FutureTask.run(FutureTask.java:317)
	at java.base/java.util.concurrent.ThreadPoolExecutor.runWorker(ThreadPoolExecutor.java:1144)
	at java.base/java.util.concurrent.ThreadPoolExecutor$Worker.run(ThreadPoolExecutor.java:642)
	at java.base/java.lang.Thread.run(Thread.java:1583)
Finished: FAILURE
Stage: Deploy - Status: FAILURE
Finished: FAILURE
"," The Jenkins CI/CD pipeline log provided shows that several stages of the pipeline were executed successfully, including stages like ""Tool Install,"" ""Git-Checkout,"" ""Compile,"" ""Build,"" ""Test,"" ""Sonar-Analytics,"" and ""Docker Build & Tag."" However, the pipeline encountered issues during the ""Deploy"" stage, leading to a failure."," The main error occurred during the ""Deploy"" stage when Jenkins tried to run a process that required Docker. The specific error message is: java.io.IOException: Cannot run program ""docker"": error=2, No such file or directory. This error indicates that Jenkins attempted to execute the docker command, but the command was not found, meaning Docker is either not installed on the agent executing the pipeline, or the path to the Docker executable is not correctly set.","

1. Check Docker Installation: Ensure that Docker is installed on the Jenkins agent or server where the pipeline is executed. You can check this by running `docker --version` on the command line of the Jenkins agent. If Docker is not installed, install it according to your system's package management guidelines.
2. Set Docker Path: If Docker is installed but the error persists, it may be due to an incorrect or missing path to the Docker executable. Ensure that the path to the Docker binary is included in the systems PATH environment variable."
26,Rakuten,,,"[Pipeline] { (Declarative: Tool Install)
Stage: Declarative: Tool Install - Status: SUCCESS
[Pipeline] { (Git-Checkout)
Stage: Git-Checkout - Status: SUCCESS
[Pipeline] { (Compile)
[INFO] BUILD SUCCESS
Stage: Compile - Status: SUCCESS
[Pipeline] { (Build)
[INFO] BUILD SUCCESS
Stage: Build - Status: SUCCESS
[Pipeline] { (Test)
[INFO] BUILD SUCCESS
Stage: Test - Status: SUCCESS
[Pipeline] { (Sonar-Analytics)
Stage: Sonar-Analytics - Status: SUCCESS
[Pipeline] { (Docker Build & Tag)
Stage: Docker Build & Tag - Status: SUCCESS
[Pipeline] { (Trivy Image Scan)
Skipped Stage: Trivy Image Scan
Stage: Trivy Image Scan - Status: SUCCESS
[Pipeline] { (Docker Push Image)
Skipped Stage: Docker Push Image
Stage: Docker Push Image - Status: SUCCESS
[Pipeline] { (Deploy)
Skipped Stage: Deploy
java.io.IOException: error=2, No such file or directory
	at java.base/java.lang.ProcessImpl.forkAndExec(Native Method)
	at java.base/java.lang.ProcessImpl.<init>(ProcessImpl.java:295)
	at java.base/java.lang.ProcessImpl.start(ProcessImpl.java:225)
	at java.base/java.lang.ProcessBuilder.start(ProcessBuilder.java:1126)
Also:   org.jenkinsci.plugins.workflow.actions.ErrorAction$ErrorId: e5b5e541-4bb4-4b23-adbe-a6b00650d70a
Caused: java.io.IOException: Cannot run program ""docker"": error=2, No such file or directory
	at java.base/java.lang.ProcessBuilder.start(ProcessBuilder.java:1170)
	at java.base/java.lang.ProcessBuilder.start(ProcessBuilder.java:1089)
	at hudson.Proc$LocalProc.<init>(Proc.java:252)
	at hudson.Proc$LocalProc.<init>(Proc.java:221)
	at hudson.Launcher$LocalLauncher.launch(Launcher.java:994)
	at hudson.Launcher$ProcStarter.start(Launcher.java:506)
	at hudson.Launcher$ProcStarter.join(Launcher.java:517)
	at PluginClassLoader for docker-commons//org.jenkinsci.plugins.docker.commons.impl.RegistryKeyMaterialFactory.materialize(RegistryKeyMaterialFactory.java:102)
	at PluginClassLoader for docker-workflow//org.jenkinsci.plugins.docker.workflow.AbstractEndpointStepExecution2.doStart(AbstractEndpointStepExecution2.java:53)
	at PluginClassLoader for workflow-step-api//org.jenkinsci.plugins.workflow.steps.GeneralNonBlockingStepExecution.lambda$run$0(GeneralNonBlockingStepExecution.java:77)
	at java.base/java.util.concurrent.Executors$RunnableAdapter.call(Executors.java:572)
	at java.base/java.util.concurrent.FutureTask.run(FutureTask.java:317)
	at java.base/java.util.concurrent.ThreadPoolExecutor.runWorker(ThreadPoolExecutor.java:1144)
	at java.base/java.util.concurrent.ThreadPoolExecutor$Worker.run(ThreadPoolExecutor.java:642)
	at java.base/java.lang.Thread.run(Thread.java:1583)
Finished: FAILURE
Stage: Deploy - Status: FAILURE
Finished: FAILURE
",,,
27,Rakuten, Docker Not Found, High,"[Pipeline] { (Declarative: Tool Install)
Stage: Declarative: Tool Install - Status: SUCCESS
[Pipeline] { (Git-Checkout)
Stage: Git-Checkout - Status: SUCCESS
[Pipeline] { (Compile)
[INFO] BUILD SUCCESS
Stage: Compile - Status: SUCCESS
[Pipeline] { (Build)
[INFO] BUILD SUCCESS
Stage: Build - Status: SUCCESS
[Pipeline] { (Test)
[INFO] BUILD SUCCESS
Stage: Test - Status: SUCCESS
[Pipeline] { (Sonar-Analytics)
Stage: Sonar-Analytics - Status: SUCCESS
[Pipeline] { (Docker Build & Tag)
Stage: Docker Build & Tag - Status: SUCCESS
[Pipeline] { (Trivy Image Scan)
Skipped Stage: Trivy Image Scan
Stage: Trivy Image Scan - Status: SUCCESS
[Pipeline] { (Docker Push Image)
Skipped Stage: Docker Push Image
Stage: Docker Push Image - Status: SUCCESS
[Pipeline] { (Deploy)
Skipped Stage: Deploy
java.io.IOException: error=2, No such file or directory
	at java.base/java.lang.ProcessImpl.forkAndExec(Native Method)
	at java.base/java.lang.ProcessImpl.<init>(ProcessImpl.java:295)
	at java.base/java.lang.ProcessImpl.start(ProcessImpl.java:225)
	at java.base/java.lang.ProcessBuilder.start(ProcessBuilder.java:1126)
Also:   org.jenkinsci.plugins.workflow.actions.ErrorAction$ErrorId: e5b5e541-4bb4-4b23-adbe-a6b00650d70a
Caused: java.io.IOException: Cannot run program ""docker"": error=2, No such file or directory
	at java.base/java.lang.ProcessBuilder.start(ProcessBuilder.java:1170)
	at java.base/java.lang.ProcessBuilder.start(ProcessBuilder.java:1089)
	at hudson.Proc$LocalProc.<init>(Proc.java:252)
	at hudson.Proc$LocalProc.<init>(Proc.java:221)
	at hudson.Launcher$LocalLauncher.launch(Launcher.java:994)
	at hudson.Launcher$ProcStarter.start(Launcher.java:506)
	at hudson.Launcher$ProcStarter.join(Launcher.java:517)
	at PluginClassLoader for docker-commons//org.jenkinsci.plugins.docker.commons.impl.RegistryKeyMaterialFactory.materialize(RegistryKeyMaterialFactory.java:102)
	at PluginClassLoader for docker-workflow//org.jenkinsci.plugins.docker.workflow.AbstractEndpointStepExecution2.doStart(AbstractEndpointStepExecution2.java:53)
	at PluginClassLoader for workflow-step-api//org.jenkinsci.plugins.workflow.steps.GeneralNonBlockingStepExecution.lambda$run$0(GeneralNonBlockingStepExecution.java:77)
	at java.base/java.util.concurrent.Executors$RunnableAdapter.call(Executors.java:572)
	at java.base/java.util.concurrent.FutureTask.run(FutureTask.java:317)
	at java.base/java.util.concurrent.ThreadPoolExecutor.runWorker(ThreadPoolExecutor.java:1144)
	at java.base/java.util.concurrent.ThreadPoolExecutor$Worker.run(ThreadPoolExecutor.java:642)
	at java.base/java.lang.Thread.run(Thread.java:1583)
Finished: FAILURE
Stage: Deploy - Status: FAILURE
Finished: FAILURE
"," The Jenkins CI/CD pipeline log provided shows that several stages of the pipeline were executed successfully, including stages like ""Tool Install,"" ""Git-Checkout,"" ""Compile,"" ""Build,"" ""Test,"" ""Sonar-Analytics,"" and ""Docker Build & Tag."" However, the pipeline encountered issues during the ""Deploy"" stage, leading to a failure."," The main error occurred during the ""Deploy"" stage when Jenkins tried to run a process that required Docker. The specific error message is: java.io.IOException: Cannot run program ""docker"": error=2, No such file or directory. This error indicates that Jenkins attempted to execute the docker command, but the command was not found, meaning Docker is either not installed on the agent executing the pipeline, or the path to the Docker executable is not correctly set.","

1. Check Docker Installation: Ensure that Docker is installed on the Jenkins agent or server where the pipeline is executed. You can check this by running `docker --version` on the command line of the Jenkins agent. If Docker is not installed, install it according to your system's package management guidelines.
2. Set Docker Path: If Docker is installed but the error persists, it may be due to an incorrect or missing path to the Docker executable. Ensure that the path to the Docker binary is included in the systems PATH environment variable."
